04 07, 2021 15:41:27 下午 server.catalina.Context <init>
INFO : Deploying web application directory H:\Users\49277\Documents\GitHub\JavaServer-Alpha\webapps\a
04 07, 2021 15:41:27 下午 server.catalina.Context <init>
INFO : Deployment of web application directory H:\Users\49277\Documents\GitHub\JavaServer-Alpha\webapps\a has finished in 201 ms
04 07, 2021 15:41:27 下午 server.catalina.Context <init>
INFO : Deploying web application directory H:\Users\49277\Documents\GitHub\JavaServer-Alpha\webapps\b
04 07, 2021 15:41:27 下午 server.catalina.Context <init>
INFO : Deployment of web application directory H:\Users\49277\Documents\GitHub\JavaServer-Alpha\webapps\b has finished in 0 ms
04 07, 2021 15:41:27 下午 server.catalina.Context <init>
INFO : Deploying web application directory H:\Users\49277\Documents\GitHub\JavaServer-Alpha\webapps\ROOT
04 07, 2021 15:41:27 下午 server.catalina.Context <init>
INFO : Deployment of web application directory H:\Users\49277\Documents\GitHub\JavaServer-Alpha\webapps\ROOT has finished in 1 ms
04 07, 2021 15:41:27 下午 server.catalina.Context <init>
INFO : Deploying web application directory webapps/b
04 07, 2021 15:41:27 下午 server.catalina.Context <init>
INFO : Deployment of web application directory webapps/b has finished in 0 ms
04 07, 2021 15:41:36 下午 server.Bootstrap lambda$main$0
ERROR: Connection reset by peer
java.net.SocketException: Connection reset by peer
	at java.base/sun.nio.ch.NioSocketImpl.implWrite(NioSocketImpl.java:420)
	at java.base/sun.nio.ch.NioSocketImpl.write(NioSocketImpl.java:440)
	at java.base/sun.nio.ch.NioSocketImpl$2.write(NioSocketImpl.java:826)
	at java.base/java.net.Socket$SocketOutputStream.write(Socket.java:1052)
	at java.base/java.io.OutputStream.write(OutputStream.java:127)
	at server.Bootstrap.handle200(Bootstrap.java:86)
	at server.Bootstrap.lambda$main$0(Bootstrap.java:61)
	at java.base/java.util.concurrent.ThreadPoolExecutor.runWorker(ThreadPoolExecutor.java:1130)
	at java.base/java.util.concurrent.ThreadPoolExecutor$Worker.run(ThreadPoolExecutor.java:630)
	at java.base/java.lang.Thread.run(Thread.java:832)
04 07, 2021 15:41:36 下午 server.Bootstrap lambda$main$0
ERROR: Connection reset by peer
java.net.SocketException: Connection reset by peer
	at java.base/sun.nio.ch.NioSocketImpl.implWrite(NioSocketImpl.java:420)
	at java.base/sun.nio.ch.NioSocketImpl.write(NioSocketImpl.java:440)
	at java.base/sun.nio.ch.NioSocketImpl$2.write(NioSocketImpl.java:826)
	at java.base/java.net.Socket$SocketOutputStream.write(Socket.java:1052)
	at java.base/java.io.OutputStream.write(OutputStream.java:127)
	at server.Bootstrap.handle200(Bootstrap.java:86)
	at server.Bootstrap.lambda$main$0(Bootstrap.java:61)
	at java.base/java.util.concurrent.ThreadPoolExecutor.runWorker(ThreadPoolExecutor.java:1130)
	at java.base/java.util.concurrent.ThreadPoolExecutor$Worker.run(ThreadPoolExecutor.java:630)
	at java.base/java.lang.Thread.run(Thread.java:832)
04 07, 2021 15:41:36 下午 server.Bootstrap lambda$main$0
ERROR: Connection reset by peer
java.net.SocketException: Connection reset by peer
	at java.base/sun.nio.ch.NioSocketImpl.implWrite(NioSocketImpl.java:420)
	at java.base/sun.nio.ch.NioSocketImpl.write(NioSocketImpl.java:440)
	at java.base/sun.nio.ch.NioSocketImpl$2.write(NioSocketImpl.java:826)
	at java.base/java.net.Socket$SocketOutputStream.write(Socket.java:1052)
	at java.base/java.io.OutputStream.write(OutputStream.java:127)
	at server.Bootstrap.handle200(Bootstrap.java:86)
	at server.Bootstrap.lambda$main$0(Bootstrap.java:61)
	at java.base/java.util.concurrent.ThreadPoolExecutor.runWorker(ThreadPoolExecutor.java:1130)
	at java.base/java.util.concurrent.ThreadPoolExecutor$Worker.run(ThreadPoolExecutor.java:630)
	at java.base/java.lang.Thread.run(Thread.java:832)
04 07, 2021 15:41:36 下午 server.Bootstrap lambda$main$0
ERROR: Connection reset by peer
java.net.SocketException: Connection reset by peer
	at java.base/sun.nio.ch.NioSocketImpl.implWrite(NioSocketImpl.java:420)
	at java.base/sun.nio.ch.NioSocketImpl.write(NioSocketImpl.java:440)
	at java.base/sun.nio.ch.NioSocketImpl$2.write(NioSocketImpl.java:826)
	at java.base/java.net.Socket$SocketOutputStream.write(Socket.java:1052)
	at java.base/java.io.OutputStream.write(OutputStream.java:127)
	at server.Bootstrap.handle200(Bootstrap.java:86)
	at server.Bootstrap.lambda$main$0(Bootstrap.java:61)
	at java.base/java.util.concurrent.ThreadPoolExecutor.runWorker(ThreadPoolExecutor.java:1130)
	at java.base/java.util.concurrent.ThreadPoolExecutor$Worker.run(ThreadPoolExecutor.java:630)
	at java.base/java.lang.Thread.run(Thread.java:832)
04 07, 2021 15:41:36 下午 server.Bootstrap lambda$main$0
ERROR: Connection reset by peer
java.net.SocketException: Connection reset by peer
	at java.base/sun.nio.ch.NioSocketImpl.implWrite(NioSocketImpl.java:420)
	at java.base/sun.nio.ch.NioSocketImpl.write(NioSocketImpl.java:440)
	at java.base/sun.nio.ch.NioSocketImpl$2.write(NioSocketImpl.java:826)
	at java.base/java.net.Socket$SocketOutputStream.write(Socket.java:1052)
	at java.base/java.io.OutputStream.write(OutputStream.java:127)
	at server.Bootstrap.handle200(Bootstrap.java:86)
	at server.Bootstrap.lambda$main$0(Bootstrap.java:61)
	at java.base/java.util.concurrent.ThreadPoolExecutor.runWorker(ThreadPoolExecutor.java:1130)
	at java.base/java.util.concurrent.ThreadPoolExecutor$Worker.run(ThreadPoolExecutor.java:630)
	at java.base/java.lang.Thread.run(Thread.java:832)
04 07, 2021 15:41:36 下午 server.Bootstrap lambda$main$0
ERROR: Connection reset by peer
java.net.SocketException: Connection reset by peer
	at java.base/sun.nio.ch.NioSocketImpl.implWrite(NioSocketImpl.java:420)
	at java.base/sun.nio.ch.NioSocketImpl.write(NioSocketImpl.java:440)
	at java.base/sun.nio.ch.NioSocketImpl$2.write(NioSocketImpl.java:826)
	at java.base/java.net.Socket$SocketOutputStream.write(Socket.java:1052)
	at java.base/java.io.OutputStream.write(OutputStream.java:127)
	at server.Bootstrap.handle200(Bootstrap.java:86)
	at server.Bootstrap.lambda$main$0(Bootstrap.java:61)
	at java.base/java.util.concurrent.ThreadPoolExecutor.runWorker(ThreadPoolExecutor.java:1130)
	at java.base/java.util.concurrent.ThreadPoolExecutor$Worker.run(ThreadPoolExecutor.java:630)
	at java.base/java.lang.Thread.run(Thread.java:832)
04 07, 2021 15:41:36 下午 server.Bootstrap lambda$main$0
ERROR: Connection reset by peer
java.net.SocketException: Connection reset by peer
	at java.base/sun.nio.ch.NioSocketImpl.implWrite(NioSocketImpl.java:420)
	at java.base/sun.nio.ch.NioSocketImpl.write(NioSocketImpl.java:440)
	at java.base/sun.nio.ch.NioSocketImpl$2.write(NioSocketImpl.java:826)
	at java.base/java.net.Socket$SocketOutputStream.write(Socket.java:1052)
	at java.base/java.io.OutputStream.write(OutputStream.java:127)
	at server.Bootstrap.handle200(Bootstrap.java:86)
	at server.Bootstrap.lambda$main$0(Bootstrap.java:61)
	at java.base/java.util.concurrent.ThreadPoolExecutor.runWorker(ThreadPoolExecutor.java:1130)
	at java.base/java.util.concurrent.ThreadPoolExecutor$Worker.run(ThreadPoolExecutor.java:630)
	at java.base/java.lang.Thread.run(Thread.java:832)
04 07, 2021 15:41:36 下午 server.Bootstrap lambda$main$0
ERROR: Connection reset by peer
java.net.SocketException: Connection reset by peer
	at java.base/sun.nio.ch.NioSocketImpl.implWrite(NioSocketImpl.java:420)
	at java.base/sun.nio.ch.NioSocketImpl.write(NioSocketImpl.java:440)
	at java.base/sun.nio.ch.NioSocketImpl$2.write(NioSocketImpl.java:826)
	at java.base/java.net.Socket$SocketOutputStream.write(Socket.java:1052)
	at java.base/java.io.OutputStream.write(OutputStream.java:127)
	at server.Bootstrap.handle200(Bootstrap.java:86)
	at server.Bootstrap.lambda$main$0(Bootstrap.java:61)
	at java.base/java.util.concurrent.ThreadPoolExecutor.runWorker(ThreadPoolExecutor.java:1130)
	at java.base/java.util.concurrent.ThreadPoolExecutor$Worker.run(ThreadPoolExecutor.java:630)
	at java.base/java.lang.Thread.run(Thread.java:832)
04 07, 2021 15:41:36 下午 server.Bootstrap lambda$main$0
ERROR: Connection reset by peer
java.net.SocketException: Connection reset by peer
	at java.base/sun.nio.ch.NioSocketImpl.implWrite(NioSocketImpl.java:420)
	at java.base/sun.nio.ch.NioSocketImpl.write(NioSocketImpl.java:440)
	at java.base/sun.nio.ch.NioSocketImpl$2.write(NioSocketImpl.java:826)
	at java.base/java.net.Socket$SocketOutputStream.write(Socket.java:1052)
	at java.base/java.io.OutputStream.write(OutputStream.java:127)
	at server.Bootstrap.handle200(Bootstrap.java:86)
	at server.Bootstrap.lambda$main$0(Bootstrap.java:61)
	at java.base/java.util.concurrent.ThreadPoolExecutor.runWorker(ThreadPoolExecutor.java:1130)
	at java.base/java.util.concurrent.ThreadPoolExecutor$Worker.run(ThreadPoolExecutor.java:630)
	at java.base/java.lang.Thread.run(Thread.java:832)
04 07, 2021 15:41:36 下午 server.Bootstrap lambda$main$0
ERROR: Connection reset by peer
java.net.SocketException: Connection reset by peer
	at java.base/sun.nio.ch.NioSocketImpl.implWrite(NioSocketImpl.java:420)
	at java.base/sun.nio.ch.NioSocketImpl.write(NioSocketImpl.java:440)
	at java.base/sun.nio.ch.NioSocketImpl$2.write(NioSocketImpl.java:826)
	at java.base/java.net.Socket$SocketOutputStream.write(Socket.java:1052)
	at java.base/java.io.OutputStream.write(OutputStream.java:127)
	at server.Bootstrap.handle200(Bootstrap.java:86)
	at server.Bootstrap.lambda$main$0(Bootstrap.java:61)
	at java.base/java.util.concurrent.ThreadPoolExecutor.runWorker(ThreadPoolExecutor.java:1130)
	at java.base/java.util.concurrent.ThreadPoolExecutor$Worker.run(ThreadPoolExecutor.java:630)
	at java.base/java.lang.Thread.run(Thread.java:832)
04 07, 2021 15:41:45 下午 server.Bootstrap lambda$main$0
ERROR: Connection reset
java.net.SocketException: Connection reset
	at java.base/sun.nio.ch.NioSocketImpl.implRead(NioSocketImpl.java:323)
	at java.base/sun.nio.ch.NioSocketImpl.read(NioSocketImpl.java:350)
	at java.base/sun.nio.ch.NioSocketImpl$1.read(NioSocketImpl.java:803)
	at java.base/java.net.Socket$SocketInputStream.read(Socket.java:982)
	at java.base/java.io.InputStream.read(InputStream.java:218)
	at server.util.MiniBrowser.readBytes(MiniBrowser.java:126)
	at server.http.Request.parseHttpRequest(Request.java:37)
	at server.http.Request.<init>(Request.java:26)
	at server.Bootstrap.lambda$main$0(Bootstrap.java:34)
	at java.base/java.util.concurrent.ThreadPoolExecutor.runWorker(ThreadPoolExecutor.java:1130)
	at java.base/java.util.concurrent.ThreadPoolExecutor$Worker.run(ThreadPoolExecutor.java:630)
	at java.base/java.lang.Thread.run(Thread.java:832)
04 07, 2021 15:41:45 下午 server.Bootstrap lambda$main$0
ERROR: Connection reset
java.net.SocketException: Connection reset
	at java.base/sun.nio.ch.NioSocketImpl.implRead(NioSocketImpl.java:323)
	at java.base/sun.nio.ch.NioSocketImpl.read(NioSocketImpl.java:350)
	at java.base/sun.nio.ch.NioSocketImpl$1.read(NioSocketImpl.java:803)
	at java.base/java.net.Socket$SocketInputStream.read(Socket.java:982)
	at java.base/java.io.InputStream.read(InputStream.java:218)
	at server.util.MiniBrowser.readBytes(MiniBrowser.java:126)
	at server.http.Request.parseHttpRequest(Request.java:37)
	at server.http.Request.<init>(Request.java:26)
	at server.Bootstrap.lambda$main$0(Bootstrap.java:34)
	at java.base/java.util.concurrent.ThreadPoolExecutor.runWorker(ThreadPoolExecutor.java:1130)
	at java.base/java.util.concurrent.ThreadPoolExecutor$Worker.run(ThreadPoolExecutor.java:630)
	at java.base/java.lang.Thread.run(Thread.java:832)
04 07, 2021 15:41:45 下午 server.Bootstrap lambda$main$0
ERROR: Connection reset
java.net.SocketException: Connection reset
	at java.base/sun.nio.ch.NioSocketImpl.implRead(NioSocketImpl.java:323)
	at java.base/sun.nio.ch.NioSocketImpl.read(NioSocketImpl.java:350)
	at java.base/sun.nio.ch.NioSocketImpl$1.read(NioSocketImpl.java:803)
	at java.base/java.net.Socket$SocketInputStream.read(Socket.java:982)
	at java.base/java.io.InputStream.read(InputStream.java:218)
	at server.util.MiniBrowser.readBytes(MiniBrowser.java:126)
	at server.http.Request.parseHttpRequest(Request.java:37)
	at server.http.Request.<init>(Request.java:26)
	at server.Bootstrap.lambda$main$0(Bootstrap.java:34)
	at java.base/java.util.concurrent.ThreadPoolExecutor.runWorker(ThreadPoolExecutor.java:1130)
	at java.base/java.util.concurrent.ThreadPoolExecutor$Worker.run(ThreadPoolExecutor.java:630)
	at java.base/java.lang.Thread.run(Thread.java:832)
04 07, 2021 15:41:45 下午 server.Bootstrap lambda$main$0
ERROR: Connection reset
java.net.SocketException: Connection reset
	at java.base/sun.nio.ch.NioSocketImpl.implRead(NioSocketImpl.java:323)
	at java.base/sun.nio.ch.NioSocketImpl.read(NioSocketImpl.java:350)
	at java.base/sun.nio.ch.NioSocketImpl$1.read(NioSocketImpl.java:803)
	at java.base/java.net.Socket$SocketInputStream.read(Socket.java:982)
	at java.base/java.io.InputStream.read(InputStream.java:218)
	at server.util.MiniBrowser.readBytes(MiniBrowser.java:126)
	at server.http.Request.parseHttpRequest(Request.java:37)
	at server.http.Request.<init>(Request.java:26)
	at server.Bootstrap.lambda$main$0(Bootstrap.java:34)
	at java.base/java.util.concurrent.ThreadPoolExecutor.runWorker(ThreadPoolExecutor.java:1130)
	at java.base/java.util.concurrent.ThreadPoolExecutor$Worker.run(ThreadPoolExecutor.java:630)
	at java.base/java.lang.Thread.run(Thread.java:832)
04 07, 2021 15:41:45 下午 server.Bootstrap lambda$main$0
ERROR: Connection reset
java.net.SocketException: Connection reset
	at java.base/sun.nio.ch.NioSocketImpl.implRead(NioSocketImpl.java:323)
	at java.base/sun.nio.ch.NioSocketImpl.read(NioSocketImpl.java:350)
	at java.base/sun.nio.ch.NioSocketImpl$1.read(NioSocketImpl.java:803)
	at java.base/java.net.Socket$SocketInputStream.read(Socket.java:982)
	at java.base/java.io.InputStream.read(InputStream.java:218)
	at server.util.MiniBrowser.readBytes(MiniBrowser.java:126)
	at server.http.Request.parseHttpRequest(Request.java:37)
	at server.http.Request.<init>(Request.java:26)
	at server.Bootstrap.lambda$main$0(Bootstrap.java:34)
	at java.base/java.util.concurrent.ThreadPoolExecutor.runWorker(ThreadPoolExecutor.java:1130)
	at java.base/java.util.concurrent.ThreadPoolExecutor$Worker.run(ThreadPoolExecutor.java:630)
	at java.base/java.lang.Thread.run(Thread.java:832)
04 07, 2021 15:41:45 下午 server.Bootstrap lambda$main$0
ERROR: Connection reset by peer
java.net.SocketException: Connection reset by peer
	at java.base/sun.nio.ch.NioSocketImpl.implWrite(NioSocketImpl.java:420)
	at java.base/sun.nio.ch.NioSocketImpl.write(NioSocketImpl.java:440)
	at java.base/sun.nio.ch.NioSocketImpl$2.write(NioSocketImpl.java:826)
	at java.base/java.net.Socket$SocketOutputStream.write(Socket.java:1052)
	at java.base/java.io.OutputStream.write(OutputStream.java:127)
	at server.Bootstrap.handle200(Bootstrap.java:86)
	at server.Bootstrap.lambda$main$0(Bootstrap.java:61)
	at java.base/java.util.concurrent.ThreadPoolExecutor.runWorker(ThreadPoolExecutor.java:1130)
	at java.base/java.util.concurrent.ThreadPoolExecutor$Worker.run(ThreadPoolExecutor.java:630)
	at java.base/java.lang.Thread.run(Thread.java:832)
04 07, 2021 15:41:45 下午 server.Bootstrap lambda$main$0
ERROR: Connection reset by peer
java.net.SocketException: Connection reset by peer
	at java.base/sun.nio.ch.NioSocketImpl.implWrite(NioSocketImpl.java:420)
	at java.base/sun.nio.ch.NioSocketImpl.write(NioSocketImpl.java:440)
	at java.base/sun.nio.ch.NioSocketImpl$2.write(NioSocketImpl.java:826)
	at java.base/java.net.Socket$SocketOutputStream.write(Socket.java:1052)
	at java.base/java.io.OutputStream.write(OutputStream.java:127)
	at server.Bootstrap.handle200(Bootstrap.java:86)
	at server.Bootstrap.lambda$main$0(Bootstrap.java:61)
	at java.base/java.util.concurrent.ThreadPoolExecutor.runWorker(ThreadPoolExecutor.java:1130)
	at java.base/java.util.concurrent.ThreadPoolExecutor$Worker.run(ThreadPoolExecutor.java:630)
	at java.base/java.lang.Thread.run(Thread.java:832)
04 07, 2021 15:41:45 下午 server.Bootstrap lambda$main$0
ERROR: Connection reset by peer
java.net.SocketException: Connection reset by peer
	at java.base/sun.nio.ch.NioSocketImpl.implWrite(NioSocketImpl.java:420)
	at java.base/sun.nio.ch.NioSocketImpl.write(NioSocketImpl.java:440)
	at java.base/sun.nio.ch.NioSocketImpl$2.write(NioSocketImpl.java:826)
	at java.base/java.net.Socket$SocketOutputStream.write(Socket.java:1052)
	at java.base/java.io.OutputStream.write(OutputStream.java:127)
	at server.Bootstrap.handle200(Bootstrap.java:86)
	at server.Bootstrap.lambda$main$0(Bootstrap.java:61)
	at java.base/java.util.concurrent.ThreadPoolExecutor.runWorker(ThreadPoolExecutor.java:1130)
	at java.base/java.util.concurrent.ThreadPoolExecutor$Worker.run(ThreadPoolExecutor.java:630)
	at java.base/java.lang.Thread.run(Thread.java:832)
04 07, 2021 20:48:52 下午 server.catalina.Context <init>
INFO : Deploying web application directory H:\Users\49277\Documents\GitHub\JavaServer-Alpha\webapps\a
04 07, 2021 20:48:52 下午 server.catalina.Context <init>
INFO : Deployment of web application directory H:\Users\49277\Documents\GitHub\JavaServer-Alpha\webapps\a has finished in 142 ms
04 07, 2021 20:48:52 下午 server.catalina.Context <init>
INFO : Deploying web application directory H:\Users\49277\Documents\GitHub\JavaServer-Alpha\webapps\b
04 07, 2021 20:48:52 下午 server.catalina.Context <init>
INFO : Deployment of web application directory H:\Users\49277\Documents\GitHub\JavaServer-Alpha\webapps\b has finished in 0 ms
04 07, 2021 20:48:52 下午 server.catalina.Context <init>
INFO : Deploying web application directory H:\Users\49277\Documents\GitHub\JavaServer-Alpha\webapps\ROOT
04 07, 2021 20:48:52 下午 server.catalina.Context <init>
INFO : Deployment of web application directory H:\Users\49277\Documents\GitHub\JavaServer-Alpha\webapps\ROOT has finished in 0 ms
04 07, 2021 20:48:52 下午 server.catalina.Context <init>
INFO : Deploying web application directory webapps/b
04 07, 2021 20:48:52 下午 server.catalina.Context <init>
INFO : Deployment of web application directory webapps/b has finished in 0 ms
04 07, 2021 20:50:09 下午 server.catalina.Context <init>
INFO : Deploying web application directory H:\Users\49277\Documents\GitHub\JavaServer-Alpha\webapps\a
04 07, 2021 20:50:09 下午 server.catalina.Context <init>
INFO : Deployment of web application directory H:\Users\49277\Documents\GitHub\JavaServer-Alpha\webapps\a has finished in 118 ms
04 07, 2021 20:50:09 下午 server.catalina.Context <init>
INFO : Deploying web application directory H:\Users\49277\Documents\GitHub\JavaServer-Alpha\webapps\b
04 07, 2021 20:50:09 下午 server.catalina.Context <init>
INFO : Deployment of web application directory H:\Users\49277\Documents\GitHub\JavaServer-Alpha\webapps\b has finished in 0 ms
04 07, 2021 20:50:09 下午 server.catalina.Context <init>
INFO : Deploying web application directory H:\Users\49277\Documents\GitHub\JavaServer-Alpha\webapps\ROOT
04 07, 2021 20:50:09 下午 server.catalina.Context <init>
INFO : Deployment of web application directory H:\Users\49277\Documents\GitHub\JavaServer-Alpha\webapps\ROOT has finished in 1 ms
04 07, 2021 20:50:09 下午 server.catalina.Context <init>
INFO : Deploying web application directory webapps/b
04 07, 2021 20:50:09 下午 server.catalina.Context <init>
INFO : Deployment of web application directory webapps/b has finished in 0 ms
04 07, 2021 20:56:48 下午 server.catalina.Context <init>
INFO : Deploying web application directory H:\Users\49277\Documents\GitHub\JavaServer-Alpha\webapps\a
04 07, 2021 20:56:48 下午 server.catalina.Context <init>
INFO : Deployment of web application directory H:\Users\49277\Documents\GitHub\JavaServer-Alpha\webapps\a has finished in 108 ms
04 07, 2021 20:56:48 下午 server.catalina.Context <init>
INFO : Deploying web application directory H:\Users\49277\Documents\GitHub\JavaServer-Alpha\webapps\b
04 07, 2021 20:56:48 下午 server.catalina.Context <init>
INFO : Deployment of web application directory H:\Users\49277\Documents\GitHub\JavaServer-Alpha\webapps\b has finished in 0 ms
04 07, 2021 20:56:48 下午 server.catalina.Context <init>
INFO : Deploying web application directory H:\Users\49277\Documents\GitHub\JavaServer-Alpha\webapps\ROOT
04 07, 2021 20:56:48 下午 server.catalina.Context <init>
INFO : Deployment of web application directory H:\Users\49277\Documents\GitHub\JavaServer-Alpha\webapps\ROOT has finished in 0 ms
04 07, 2021 20:56:48 下午 server.catalina.Context <init>
INFO : Deploying web application directory webapps/b
04 07, 2021 20:56:48 下午 server.catalina.Context <init>
INFO : Deployment of web application directory webapps/b has finished in 0 ms
04 07, 2021 20:56:48 下午 server.catalina.Server logJVM
INFO : Server version:		JavaServer-Alpha
04 07, 2021 20:56:48 下午 server.catalina.Server logJVM
INFO : Server built:		Wed Apr 07 20:56:48 CST 2021
04 07, 2021 20:56:48 下午 server.catalina.Server logJVM
INFO : Server number:		1.0.1
04 07, 2021 20:56:48 下午 server.catalina.Server logJVM
INFO : OS Name	:		Windows 10
04 07, 2021 20:56:48 下午 server.catalina.Server logJVM
INFO : OS Version:		10.0
04 07, 2021 20:56:48 下午 server.catalina.Server logJVM
INFO : Architecture:		amd64
04 07, 2021 20:56:48 下午 server.catalina.Server logJVM
INFO : Java Home:		D:\openJDK14
04 07, 2021 20:56:48 下午 server.catalina.Server logJVM
INFO : JVM Version:		14+36-1461
04 07, 2021 20:56:48 下午 server.catalina.Server logJVM
INFO : JVM Vendor:		Oracle Corporation
04 07, 2021 21:03:42 下午 server.catalina.Context <init>
INFO : Deploying web application directory H:\Users\49277\Documents\GitHub\JavaServer-Alpha\webapps\a
04 07, 2021 21:03:42 下午 server.catalina.Context <init>
INFO : Deployment of web application directory H:\Users\49277\Documents\GitHub\JavaServer-Alpha\webapps\a has finished in 116 ms
04 07, 2021 21:03:42 下午 server.catalina.Context <init>
INFO : Deploying web application directory H:\Users\49277\Documents\GitHub\JavaServer-Alpha\webapps\b
04 07, 2021 21:03:42 下午 server.catalina.Context <init>
INFO : Deployment of web application directory H:\Users\49277\Documents\GitHub\JavaServer-Alpha\webapps\b has finished in 0 ms
04 07, 2021 21:03:42 下午 server.catalina.Context <init>
INFO : Deploying web application directory H:\Users\49277\Documents\GitHub\JavaServer-Alpha\webapps\ROOT
04 07, 2021 21:03:42 下午 server.catalina.Context <init>
INFO : Deployment of web application directory H:\Users\49277\Documents\GitHub\JavaServer-Alpha\webapps\ROOT has finished in 0 ms
04 07, 2021 21:03:42 下午 server.catalina.Context <init>
INFO : Deploying web application directory webapps/b
04 07, 2021 21:03:42 下午 server.catalina.Context <init>
INFO : Deployment of web application directory webapps/b has finished in 0 ms
04 07, 2021 21:03:42 下午 server.catalina.Server logJVM
INFO : Server version:		JavaServer-Alpha
04 07, 2021 21:03:42 下午 server.catalina.Server logJVM
INFO : Server built:		Wed Apr 07 21:03:42 CST 2021
04 07, 2021 21:03:42 下午 server.catalina.Server logJVM
INFO : Server number:		1.0.1
04 07, 2021 21:03:42 下午 server.catalina.Server logJVM
INFO : OS Name	:		Windows 10
04 07, 2021 21:03:42 下午 server.catalina.Server logJVM
INFO : OS Version:		10.0
04 07, 2021 21:03:42 下午 server.catalina.Server logJVM
INFO : Architecture:		amd64
04 07, 2021 21:03:42 下午 server.catalina.Server logJVM
INFO : Java Home:		D:\openJDK14
04 07, 2021 21:03:42 下午 server.catalina.Server logJVM
INFO : JVM Version:		14+36-1461
04 07, 2021 21:03:42 下午 server.catalina.Server logJVM
INFO : JVM Vendor:		Oracle Corporation
04 07, 2021 21:16:24 下午 server.catalina.Context <init>
INFO : Deploying web application directory H:\Users\49277\Documents\GitHub\JavaServer-Alpha\webapps\a
04 07, 2021 21:16:24 下午 server.catalina.Context <init>
INFO : Deployment of web application directory H:\Users\49277\Documents\GitHub\JavaServer-Alpha\webapps\a has finished in 124 ms
04 07, 2021 21:16:24 下午 server.catalina.Context <init>
INFO : Deploying web application directory H:\Users\49277\Documents\GitHub\JavaServer-Alpha\webapps\b
04 07, 2021 21:16:24 下午 server.catalina.Context <init>
INFO : Deployment of web application directory H:\Users\49277\Documents\GitHub\JavaServer-Alpha\webapps\b has finished in 1 ms
04 07, 2021 21:16:24 下午 server.catalina.Context <init>
INFO : Deploying web application directory H:\Users\49277\Documents\GitHub\JavaServer-Alpha\webapps\ROOT
04 07, 2021 21:16:24 下午 server.catalina.Context <init>
INFO : Deployment of web application directory H:\Users\49277\Documents\GitHub\JavaServer-Alpha\webapps\ROOT has finished in 0 ms
04 07, 2021 21:16:24 下午 server.catalina.Context <init>
INFO : Deploying web application directory webapps/b
04 07, 2021 21:16:24 下午 server.catalina.Context <init>
INFO : Deployment of web application directory webapps/b has finished in 0 ms
04 07, 2021 21:16:24 下午 server.catalina.Server logJVM
INFO : Server version:		JavaServer-Alpha
04 07, 2021 21:16:24 下午 server.catalina.Server logJVM
INFO : Server built:		Wed Apr 07 21:16:24 CST 2021
04 07, 2021 21:16:24 下午 server.catalina.Server logJVM
INFO : Server number:		1.0.1
04 07, 2021 21:16:24 下午 server.catalina.Server logJVM
INFO : OS Name	:		Windows 10
04 07, 2021 21:16:24 下午 server.catalina.Server logJVM
INFO : OS Version:		10.0
04 07, 2021 21:16:24 下午 server.catalina.Server logJVM
INFO : Architecture:		amd64
04 07, 2021 21:16:24 下午 server.catalina.Server logJVM
INFO : Java Home:		D:\openJDK14
04 07, 2021 21:16:24 下午 server.catalina.Server logJVM
INFO : JVM Version:		14+36-1461
04 07, 2021 21:16:24 下午 server.catalina.Server logJVM
INFO : JVM Vendor:		Oracle Corporation
04 07, 2021 21:19:37 下午 server.catalina.Context <init>
INFO : Deploying web application directory H:\Users\49277\Documents\GitHub\JavaServer-Alpha\webapps\a
04 07, 2021 21:19:37 下午 server.catalina.Context <init>
INFO : Deployment of web application directory H:\Users\49277\Documents\GitHub\JavaServer-Alpha\webapps\a has finished in 133 ms
04 07, 2021 21:19:37 下午 server.catalina.Context <init>
INFO : Deploying web application directory H:\Users\49277\Documents\GitHub\JavaServer-Alpha\webapps\b
04 07, 2021 21:19:37 下午 server.catalina.Context <init>
INFO : Deployment of web application directory H:\Users\49277\Documents\GitHub\JavaServer-Alpha\webapps\b has finished in 0 ms
04 07, 2021 21:19:37 下午 server.catalina.Context <init>
INFO : Deploying web application directory H:\Users\49277\Documents\GitHub\JavaServer-Alpha\webapps\ROOT
04 07, 2021 21:19:37 下午 server.catalina.Context <init>
INFO : Deployment of web application directory H:\Users\49277\Documents\GitHub\JavaServer-Alpha\webapps\ROOT has finished in 0 ms
04 07, 2021 21:19:37 下午 server.catalina.Context <init>
INFO : Deploying web application directory webapps/b
04 07, 2021 21:19:37 下午 server.catalina.Context <init>
INFO : Deployment of web application directory webapps/b has finished in 0 ms
04 07, 2021 21:19:37 下午 server.catalina.Server logJVM
INFO : Server version:		JavaServer-Alpha
04 07, 2021 21:19:37 下午 server.catalina.Server logJVM
INFO : Server built:		Wed Apr 07 21:19:37 CST 2021
04 07, 2021 21:19:37 下午 server.catalina.Server logJVM
INFO : Server number:		1.0.1
04 07, 2021 21:19:37 下午 server.catalina.Server logJVM
INFO : OS Name	:		Windows 10
04 07, 2021 21:19:37 下午 server.catalina.Server logJVM
INFO : OS Version:		10.0
04 07, 2021 21:19:37 下午 server.catalina.Server logJVM
INFO : Architecture:		amd64
04 07, 2021 21:19:37 下午 server.catalina.Server logJVM
INFO : Java Home:		D:\openJDK14
04 07, 2021 21:19:37 下午 server.catalina.Server logJVM
INFO : JVM Version:		14+36-1461
04 07, 2021 21:19:37 下午 server.catalina.Server logJVM
INFO : JVM Vendor:		Oracle Corporation
04 07, 2021 21:19:41 下午 server.catalina.Server lambda$init$0
ERROR: this is a deliberately created exception
java.lang.Exception: this is a deliberately created exception
	at server.catalina.Server.lambda$init$0(Server.java:55)
	at java.base/java.util.concurrent.ThreadPoolExecutor.runWorker(ThreadPoolExecutor.java:1130)
	at java.base/java.util.concurrent.ThreadPoolExecutor$Worker.run(ThreadPoolExecutor.java:630)
	at java.base/java.lang.Thread.run(Thread.java:832)
04 07, 2021 21:29:46 下午 server.catalina.Context <init>
INFO : Deploying web application directory H:\Users\49277\Documents\GitHub\JavaServer-Alpha\webapps\a
04 07, 2021 21:29:46 下午 server.catalina.Context <init>
INFO : Deployment of web application directory H:\Users\49277\Documents\GitHub\JavaServer-Alpha\webapps\a has finished in 119 ms
04 07, 2021 21:29:46 下午 server.catalina.Context <init>
INFO : Deploying web application directory H:\Users\49277\Documents\GitHub\JavaServer-Alpha\webapps\b
04 07, 2021 21:29:46 下午 server.catalina.Context <init>
INFO : Deployment of web application directory H:\Users\49277\Documents\GitHub\JavaServer-Alpha\webapps\b has finished in 1 ms
04 07, 2021 21:29:46 下午 server.catalina.Context <init>
INFO : Deploying web application directory H:\Users\49277\Documents\GitHub\JavaServer-Alpha\webapps\ROOT
04 07, 2021 21:29:46 下午 server.catalina.Context <init>
INFO : Deployment of web application directory H:\Users\49277\Documents\GitHub\JavaServer-Alpha\webapps\ROOT has finished in 0 ms
04 07, 2021 21:29:46 下午 server.catalina.Context <init>
INFO : Deploying web application directory webapps/b
04 07, 2021 21:29:46 下午 server.catalina.Context <init>
INFO : Deployment of web application directory webapps/b has finished in 0 ms
04 07, 2021 21:29:46 下午 server.catalina.Server logJVM
INFO : Server version:		JavaServer-Alpha
04 07, 2021 21:29:46 下午 server.catalina.Server logJVM
INFO : Server built:		Wed Apr 07 21:29:46 CST 2021
04 07, 2021 21:29:46 下午 server.catalina.Server logJVM
INFO : Server number:		1.0.1
04 07, 2021 21:29:46 下午 server.catalina.Server logJVM
INFO : OS Name	:		Windows 10
04 07, 2021 21:29:46 下午 server.catalina.Server logJVM
INFO : OS Version:		10.0
04 07, 2021 21:29:46 下午 server.catalina.Server logJVM
INFO : Architecture:		amd64
04 07, 2021 21:29:46 下午 server.catalina.Server logJVM
INFO : Java Home:		D:\openJDK14
04 07, 2021 21:29:46 下午 server.catalina.Server logJVM
INFO : JVM Version:		14+36-1461
04 07, 2021 21:29:46 下午 server.catalina.Server logJVM
INFO : JVM Vendor:		Oracle Corporation
04 07, 2021 21:31:33 下午 server.catalina.Context <init>
INFO : Deploying web application directory H:\Users\49277\Documents\GitHub\JavaServer-Alpha\webapps\ROOT
04 07, 2021 21:31:33 下午 server.catalina.Context <init>
INFO : Deployment of web application directory H:\Users\49277\Documents\GitHub\JavaServer-Alpha\webapps\ROOT has finished in 121 ms
04 07, 2021 21:31:33 下午 server.catalina.Context <init>
INFO : Deploying web application directory webapps/b
04 07, 2021 21:31:33 下午 server.catalina.Context <init>
INFO : Deployment of web application directory webapps/b has finished in 1 ms
04 07, 2021 21:31:33 下午 server.catalina.Server logJVM
INFO : Server version:		JavaServer-Alpha
04 07, 2021 21:31:33 下午 server.catalina.Server logJVM
INFO : Server built:		Wed Apr 07 21:31:33 CST 2021
04 07, 2021 21:31:33 下午 server.catalina.Server logJVM
INFO : Server number:		1.0.1
04 07, 2021 21:31:33 下午 server.catalina.Server logJVM
INFO : OS Name	:		Windows 10
04 07, 2021 21:31:33 下午 server.catalina.Server logJVM
INFO : OS Version:		10.0
04 07, 2021 21:31:33 下午 server.catalina.Server logJVM
INFO : Architecture:		amd64
04 07, 2021 21:31:33 下午 server.catalina.Server logJVM
INFO : Java Home:		D:\openJDK14
04 07, 2021 21:31:33 下午 server.catalina.Server logJVM
INFO : JVM Version:		14+36-1461
04 07, 2021 21:31:33 下午 server.catalina.Server logJVM
INFO : JVM Vendor:		Oracle Corporation
04 07, 2021 21:32:21 下午 server.catalina.Context <init>
INFO : Deploying web application directory H:\Users\49277\Documents\GitHub\JavaServer-Alpha\webapps\ROOT
04 07, 2021 21:32:21 下午 server.catalina.Context <init>
INFO : Deployment of web application directory H:\Users\49277\Documents\GitHub\JavaServer-Alpha\webapps\ROOT has finished in 114 ms
04 07, 2021 21:32:21 下午 server.catalina.Context <init>
INFO : Deploying web application directory webapps/b
04 07, 2021 21:32:21 下午 server.catalina.Context <init>
INFO : Deployment of web application directory webapps/b has finished in 0 ms
04 07, 2021 21:32:21 下午 server.catalina.Server logJVM
INFO : Server version:		JavaServer-Alpha
04 07, 2021 21:32:21 下午 server.catalina.Server logJVM
INFO : Server built:		Wed Apr 07 21:32:21 CST 2021
04 07, 2021 21:32:21 下午 server.catalina.Server logJVM
INFO : Server number:		1.0.1
04 07, 2021 21:32:21 下午 server.catalina.Server logJVM
INFO : OS Name	:		Windows 10
04 07, 2021 21:32:21 下午 server.catalina.Server logJVM
INFO : OS Version:		10.0
04 07, 2021 21:32:21 下午 server.catalina.Server logJVM
INFO : Architecture:		amd64
04 07, 2021 21:32:21 下午 server.catalina.Server logJVM
INFO : Java Home:		D:\openJDK14
04 07, 2021 21:32:21 下午 server.catalina.Server logJVM
INFO : JVM Version:		14+36-1461
04 07, 2021 21:32:21 下午 server.catalina.Server logJVM
INFO : JVM Vendor:		Oracle Corporation
04 07, 2021 21:32:25 下午 server.catalina.Context <init>
INFO : Deploying web application directory H:\Users\49277\Documents\GitHub\JavaServer-Alpha\webapps\ROOT
04 07, 2021 21:32:25 下午 server.catalina.Context <init>
INFO : Deployment of web application directory H:\Users\49277\Documents\GitHub\JavaServer-Alpha\webapps\ROOT has finished in 114 ms
04 07, 2021 21:32:25 下午 server.catalina.Context <init>
INFO : Deploying web application directory webapps/b
04 07, 2021 21:32:25 下午 server.catalina.Context <init>
INFO : Deployment of web application directory webapps/b has finished in 1 ms
04 07, 2021 21:32:25 下午 server.catalina.Server logJVM
INFO : Server version:		JavaServer-Alpha
04 07, 2021 21:32:25 下午 server.catalina.Server logJVM
INFO : Server built:		Wed Apr 07 21:32:25 CST 2021
04 07, 2021 21:32:25 下午 server.catalina.Server logJVM
INFO : Server number:		1.0.1
04 07, 2021 21:32:25 下午 server.catalina.Server logJVM
INFO : OS Name	:		Windows 10
04 07, 2021 21:32:25 下午 server.catalina.Server logJVM
INFO : OS Version:		10.0
04 07, 2021 21:32:25 下午 server.catalina.Server logJVM
INFO : Architecture:		amd64
04 07, 2021 21:32:25 下午 server.catalina.Server logJVM
INFO : Java Home:		D:\openJDK14
04 07, 2021 21:32:25 下午 server.catalina.Server logJVM
INFO : JVM Version:		14+36-1461
04 07, 2021 21:32:25 下午 server.catalina.Server logJVM
INFO : JVM Vendor:		Oracle Corporation
