04 05, 2021 19:21:33 下午 server.Bootstrap logJVM
INFO : Server version:		How2J DiyTomcat/1.0.1
04 05, 2021 19:21:33 下午 server.Bootstrap logJVM
INFO : Server built:		2020-04-08 10:20:22
04 05, 2021 19:21:33 下午 server.Bootstrap logJVM
INFO : Server number:		1.0.1
04 05, 2021 19:21:33 下午 server.Bootstrap logJVM
INFO : OS Name	:		Windows 10
04 05, 2021 19:21:33 下午 server.Bootstrap logJVM
INFO : OS Version:		10.0
04 05, 2021 19:21:33 下午 server.Bootstrap logJVM
INFO : Architecture:		amd64
04 05, 2021 19:21:33 下午 server.Bootstrap logJVM
INFO : Java Home:		D:\openJDK14
04 05, 2021 19:21:33 下午 server.Bootstrap logJVM
INFO : JVM Version:		14+36-1461
04 05, 2021 19:21:33 下午 server.Bootstrap logJVM
INFO : JVM Vendor:		Oracle Corporation
04 05, 2021 19:23:09 下午 server.Bootstrap logJVM
INFO : Server version:		JavaServer-Alpha
04 05, 2021 19:23:09 下午 server.Bootstrap logJVM
INFO : Server built:		Mon Apr 05 19:23:09 CST 2021
04 05, 2021 19:23:09 下午 server.Bootstrap logJVM
INFO : Server number:		1.0.1
04 05, 2021 19:23:09 下午 server.Bootstrap logJVM
INFO : OS Name	:		Windows 10
04 05, 2021 19:23:09 下午 server.Bootstrap logJVM
INFO : OS Version:		10.0
04 05, 2021 19:23:09 下午 server.Bootstrap logJVM
INFO : Architecture:		amd64
04 05, 2021 19:23:09 下午 server.Bootstrap logJVM
INFO : Java Home:		D:\openJDK14
04 05, 2021 19:23:09 下午 server.Bootstrap logJVM
INFO : JVM Version:		14+36-1461
04 05, 2021 19:23:09 下午 server.Bootstrap logJVM
INFO : JVM Vendor:		Oracle Corporation
04 05, 2021 19:23:35 下午 server.Bootstrap logJVM
INFO : Server version:	JavaServer-Alpha
04 05, 2021 19:23:35 下午 server.Bootstrap logJVM
INFO : Server built:	Mon Apr 05 19:23:35 CST 2021
04 05, 2021 19:23:35 下午 server.Bootstrap logJVM
INFO : Server number:	1.0.1
04 05, 2021 19:23:35 下午 server.Bootstrap logJVM
INFO : OS Name	:	Windows 10
04 05, 2021 19:23:35 下午 server.Bootstrap logJVM
INFO : OS Version:	10.0
04 05, 2021 19:23:35 下午 server.Bootstrap logJVM
INFO : Architecture:	amd64
04 05, 2021 19:23:35 下午 server.Bootstrap logJVM
INFO : Java Home:	D:\openJDK14
04 05, 2021 19:23:35 下午 server.Bootstrap logJVM
INFO : JVM Version:	14+36-1461
04 05, 2021 19:23:35 下午 server.Bootstrap logJVM
INFO : JVM Vendor:	Oracle Corporation
04 05, 2021 19:28:20 下午 server.Bootstrap logJVM
INFO : Server version:	JavaServer-Alpha
04 05, 2021 19:28:20 下午 server.Bootstrap logJVM
INFO : Server built:	Mon Apr 05 19:28:19 CST 2021
04 05, 2021 19:28:20 下午 server.Bootstrap logJVM
INFO : Server number:	1.0.1
04 05, 2021 19:28:20 下午 server.Bootstrap logJVM
INFO : OS Name	:	Windows 10
04 05, 2021 19:28:20 下午 server.Bootstrap logJVM
INFO : OS Version:	10.0
04 05, 2021 19:28:20 下午 server.Bootstrap logJVM
INFO : Architecture:	amd64
04 05, 2021 19:28:20 下午 server.Bootstrap logJVM
INFO : Java Home:	D:\openJDK14
04 05, 2021 19:28:20 下午 server.Bootstrap logJVM
INFO : JVM Version:	14+36-1461
04 05, 2021 19:28:20 下午 server.Bootstrap logJVM
INFO : JVM Vendor:	Oracle Corporation
04 05, 2021 19:33:58 下午 server.Bootstrap logJVM
INFO : Server version:	JavaServer-Alpha
04 05, 2021 19:33:58 下午 server.Bootstrap logJVM
INFO : Server built:	Mon Apr 05 19:33:58 CST 2021
04 05, 2021 19:33:58 下午 server.Bootstrap logJVM
INFO : Server number:	1.0.1
04 05, 2021 19:33:58 下午 server.Bootstrap logJVM
INFO : OS Name	:	Windows 10
04 05, 2021 19:33:58 下午 server.Bootstrap logJVM
INFO : OS Version:	10.0
04 05, 2021 19:33:58 下午 server.Bootstrap logJVM
INFO : Architecture:	amd64
04 05, 2021 19:33:58 下午 server.Bootstrap logJVM
INFO : Java Home:	D:\openJDK14
04 05, 2021 19:33:58 下午 server.Bootstrap logJVM
INFO : JVM Version:	14+36-1461
04 05, 2021 19:33:58 下午 server.Bootstrap logJVM
INFO : JVM Vendor:	Oracle Corporation
04 05, 2021 19:34:29 下午 server.Bootstrap logJVM
INFO : Server version:	JavaServer-Alpha
04 05, 2021 19:34:29 下午 server.Bootstrap logJVM
INFO : Server built:	Mon Apr 05 19:34:29 CST 2021
04 05, 2021 19:34:29 下午 server.Bootstrap logJVM
INFO : Server number:	1.0.1
04 05, 2021 19:34:29 下午 server.Bootstrap logJVM
INFO : OS Name	:	Windows 10
04 05, 2021 19:34:29 下午 server.Bootstrap logJVM
INFO : OS Version:	10.0
04 05, 2021 19:34:29 下午 server.Bootstrap logJVM
INFO : Architecture:	amd64
04 05, 2021 19:34:29 下午 server.Bootstrap logJVM
INFO : Java Home:	D:\openJDK14
04 05, 2021 19:34:29 下午 server.Bootstrap logJVM
INFO : JVM Version:	14+36-1461
04 05, 2021 19:34:29 下午 server.Bootstrap logJVM
INFO : JVM Vendor:	Oracle Corporation
04 05, 2021 19:36:09 下午 server.Bootstrap logJVM
INFO : Server version:	JavaServer-Alpha
04 05, 2021 19:36:09 下午 server.Bootstrap logJVM
INFO : Server built:	Mon Apr 05 19:36:09 CST 2021
04 05, 2021 19:36:09 下午 server.Bootstrap logJVM
INFO : Server number:	1.0.1
04 05, 2021 19:36:09 下午 server.Bootstrap logJVM
INFO : OS Name	:	Windows 10
04 05, 2021 19:36:09 下午 server.Bootstrap logJVM
INFO : OS Version:	10.0
04 05, 2021 19:36:09 下午 server.Bootstrap logJVM
INFO : Architecture:	amd64
04 05, 2021 19:36:09 下午 server.Bootstrap logJVM
INFO : Java Home:	D:\openJDK14
04 05, 2021 19:36:09 下午 server.Bootstrap logJVM
INFO : JVM Version:	14+36-1461
04 05, 2021 19:36:09 下午 server.Bootstrap logJVM
INFO : JVM Vendor:	Oracle Corporation
04 05, 2021 19:36:42 下午 server.Bootstrap logJVM
INFO : Server version:	JavaServer-Alpha
04 05, 2021 19:36:42 下午 server.Bootstrap logJVM
INFO : Server built:	Mon Apr 05 19:36:42 CST 2021
04 05, 2021 19:36:42 下午 server.Bootstrap logJVM
INFO : Server number:	1.0.1
04 05, 2021 19:36:42 下午 server.Bootstrap logJVM
INFO : OS Name	:	Windows 10
04 05, 2021 19:36:42 下午 server.Bootstrap logJVM
INFO : OS Version:	10.0
04 05, 2021 19:36:42 下午 server.Bootstrap logJVM
INFO : Architecture:	amd64
04 05, 2021 19:36:42 下午 server.Bootstrap logJVM
INFO : Java Home:	D:\openJDK14
04 05, 2021 19:36:42 下午 server.Bootstrap logJVM
INFO : JVM Version:	14+36-1461
04 05, 2021 19:36:42 下午 server.Bootstrap logJVM
INFO : JVM Vendor:	Oracle Corporation
04 05, 2021 19:36:53 下午 server.Bootstrap logJVM
INFO : Server version:	JavaServer-Alpha
04 05, 2021 19:36:53 下午 server.Bootstrap logJVM
INFO : Server built:	Mon Apr 05 19:36:53 CST 2021
04 05, 2021 19:36:53 下午 server.Bootstrap logJVM
INFO : Server number:	1.0.1
04 05, 2021 19:36:53 下午 server.Bootstrap logJVM
INFO : OS Name	:	Windows 10
04 05, 2021 19:36:53 下午 server.Bootstrap logJVM
INFO : OS Version:	10.0
04 05, 2021 19:36:53 下午 server.Bootstrap logJVM
INFO : Architecture:	amd64
04 05, 2021 19:36:53 下午 server.Bootstrap logJVM
INFO : Java Home:	D:\openJDK14
04 05, 2021 19:36:53 下午 server.Bootstrap logJVM
INFO : JVM Version:	14+36-1461
04 05, 2021 19:36:53 下午 server.Bootstrap logJVM
INFO : JVM Vendor:	Oracle Corporation
04 05, 2021 19:37:04 下午 server.Bootstrap logJVM
INFO : Server version:	JavaServer-Alpha
04 05, 2021 19:37:04 下午 server.Bootstrap logJVM
INFO : Server built:	Mon Apr 05 19:37:04 CST 2021
04 05, 2021 19:37:04 下午 server.Bootstrap logJVM
INFO : Server number:	1.0.1
04 05, 2021 19:37:04 下午 server.Bootstrap logJVM
INFO : OS Name	:	Windows 10
04 05, 2021 19:37:04 下午 server.Bootstrap logJVM
INFO : OS Version:	10.0
04 05, 2021 19:37:04 下午 server.Bootstrap logJVM
INFO : Architecture:	amd64
04 05, 2021 19:37:04 下午 server.Bootstrap logJVM
INFO : Java Home:	D:\openJDK14
04 05, 2021 19:37:04 下午 server.Bootstrap logJVM
INFO : JVM Version:	14+36-1461
04 05, 2021 19:37:04 下午 server.Bootstrap logJVM
INFO : JVM Vendor:	Oracle Corporation
04 05, 2021 19:38:10 下午 server.Bootstrap logJVM
INFO : Server version:	JavaServer-Alpha
04 05, 2021 19:38:10 下午 server.Bootstrap logJVM
INFO : Server built:	Mon Apr 05 19:38:10 CST 2021
04 05, 2021 19:38:10 下午 server.Bootstrap logJVM
INFO : Server number:	1.0.1
04 05, 2021 19:38:10 下午 server.Bootstrap logJVM
INFO : OS Name	:	Windows 10
04 05, 2021 19:38:10 下午 server.Bootstrap logJVM
INFO : OS Version:	10.0
04 05, 2021 19:38:10 下午 server.Bootstrap logJVM
INFO : Architecture:	amd64
04 05, 2021 19:38:10 下午 server.Bootstrap logJVM
INFO : Java Home:	D:\openJDK14
04 05, 2021 19:38:10 下午 server.Bootstrap logJVM
INFO : JVM Version:	14+36-1461
04 05, 2021 19:38:10 下午 server.Bootstrap logJVM
INFO : JVM Vendor:	Oracle Corporation
04 05, 2021 19:38:44 下午 server.Bootstrap logJVM
INFO : Server version:	JavaServer-Alpha
04 05, 2021 19:38:44 下午 server.Bootstrap logJVM
INFO : Server built:	Mon Apr 05 19:38:44 CST 2021
04 05, 2021 19:38:44 下午 server.Bootstrap logJVM
INFO : Server number:	1.0.1
04 05, 2021 19:38:44 下午 server.Bootstrap logJVM
INFO : OS Name	:	Windows 10
04 05, 2021 19:38:44 下午 server.Bootstrap logJVM
INFO : OS Version:	10.0
04 05, 2021 19:38:44 下午 server.Bootstrap logJVM
INFO : Architecture:	amd64
04 05, 2021 19:38:44 下午 server.Bootstrap logJVM
INFO : Java Home:	D:\openJDK14
04 05, 2021 19:38:44 下午 server.Bootstrap logJVM
INFO : JVM Version:	14+36-1461
04 05, 2021 19:38:44 下午 server.Bootstrap logJVM
INFO : JVM Vendor:	Oracle Corporation
04 05, 2021 19:48:29 下午 server.catalina.Context <init>
INFO : Deploying web application directory H:\Users\49277\Documents\GitHub\JavaServer-Alpha\webapps\a
04 05, 2021 19:48:29 下午 server.catalina.Context <init>
INFO : Deployment of web application directory H:\Users\49277\Documents\GitHub\JavaServer-Alpha\webapps\a has finished in 135 ms
04 05, 2021 19:48:29 下午 server.catalina.Context <init>
INFO : Deploying web application directory H:\Users\49277\Documents\GitHub\JavaServer-Alpha\webapps\ROOT
04 05, 2021 19:48:29 下午 server.catalina.Context <init>
INFO : Deployment of web application directory H:\Users\49277\Documents\GitHub\JavaServer-Alpha\webapps\ROOT has finished in 0 ms
04 05, 2021 19:48:58 下午 server.catalina.Context <init>
INFO : Deploying web application directory H:\Users\49277\Documents\GitHub\JavaServer-Alpha\webapps\a
04 05, 2021 19:48:58 下午 server.catalina.Context <init>
INFO : Deployment of web application directory H:\Users\49277\Documents\GitHub\JavaServer-Alpha\webapps\a has finished in 119 ms
04 05, 2021 19:48:58 下午 server.catalina.Context <init>
INFO : Deploying web application directory H:\Users\49277\Documents\GitHub\JavaServer-Alpha\webapps\ROOT
04 05, 2021 19:48:58 下午 server.catalina.Context <init>
INFO : Deployment of web application directory H:\Users\49277\Documents\GitHub\JavaServer-Alpha\webapps\ROOT has finished in 0 ms
04 05, 2021 19:50:11 下午 server.catalina.Context <init>
INFO : Deploying web application directory H:\Users\49277\Documents\GitHub\JavaServer-Alpha\webapps\a
04 05, 2021 19:50:11 下午 server.catalina.Context <init>
INFO : Deployment of web application directory H:\Users\49277\Documents\GitHub\JavaServer-Alpha\webapps\a has finished in 112 ms
04 05, 2021 19:50:11 下午 server.catalina.Context <init>
INFO : Deploying web application directory H:\Users\49277\Documents\GitHub\JavaServer-Alpha\webapps\ROOT
04 05, 2021 19:50:11 下午 server.catalina.Context <init>
INFO : Deployment of web application directory H:\Users\49277\Documents\GitHub\JavaServer-Alpha\webapps\ROOT has finished in 0 ms
04 05, 2021 19:50:20 下午 server.catalina.Context <init>
INFO : Deploying web application directory H:\Users\49277\Documents\GitHub\JavaServer-Alpha\webapps\a
04 05, 2021 19:50:21 下午 server.catalina.Context <init>
INFO : Deployment of web application directory H:\Users\49277\Documents\GitHub\JavaServer-Alpha\webapps\a has finished in 119 ms
04 05, 2021 19:50:21 下午 server.catalina.Context <init>
INFO : Deploying web application directory H:\Users\49277\Documents\GitHub\JavaServer-Alpha\webapps\ROOT
04 05, 2021 19:50:21 下午 server.catalina.Context <init>
INFO : Deployment of web application directory H:\Users\49277\Documents\GitHub\JavaServer-Alpha\webapps\ROOT has finished in 1 ms
04 05, 2021 19:50:33 下午 server.catalina.Context <init>
INFO : Deploying web application directory H:\Users\49277\Documents\GitHub\JavaServer-Alpha\webapps\a
04 05, 2021 19:50:33 下午 server.catalina.Context <init>
INFO : Deployment of web application directory H:\Users\49277\Documents\GitHub\JavaServer-Alpha\webapps\a has finished in 147 ms
04 05, 2021 19:50:33 下午 server.catalina.Context <init>
INFO : Deploying web application directory H:\Users\49277\Documents\GitHub\JavaServer-Alpha\webapps\ROOT
04 05, 2021 19:50:33 下午 server.catalina.Context <init>
INFO : Deployment of web application directory H:\Users\49277\Documents\GitHub\JavaServer-Alpha\webapps\ROOT has finished in 3 ms
04 05, 2021 19:57:53 下午 server.catalina.Context <init>
INFO : Deploying web application directory H:\Users\49277\Documents\GitHub\JavaServer-Alpha\webapps\a
04 05, 2021 19:57:53 下午 server.catalina.Context <init>
INFO : Deployment of web application directory H:\Users\49277\Documents\GitHub\JavaServer-Alpha\webapps\a has finished in 122 ms
04 05, 2021 19:57:53 下午 server.catalina.Context <init>
INFO : Deploying web application directory H:\Users\49277\Documents\GitHub\JavaServer-Alpha\webapps\b
04 05, 2021 19:57:53 下午 server.catalina.Context <init>
INFO : Deployment of web application directory H:\Users\49277\Documents\GitHub\JavaServer-Alpha\webapps\b has finished in 0 ms
04 05, 2021 19:57:53 下午 server.catalina.Context <init>
INFO : Deploying web application directory H:\Users\49277\Documents\GitHub\JavaServer-Alpha\webapps\ROOT
04 05, 2021 19:57:53 下午 server.catalina.Context <init>
INFO : Deployment of web application directory H:\Users\49277\Documents\GitHub\JavaServer-Alpha\webapps\ROOT has finished in 0 ms
04 05, 2021 19:59:16 下午 server.catalina.Context <init>
INFO : Deploying web application directory H:\Users\49277\Documents\GitHub\JavaServer-Alpha\webapps\a
04 05, 2021 19:59:16 下午 server.catalina.Context <init>
INFO : Deployment of web application directory H:\Users\49277\Documents\GitHub\JavaServer-Alpha\webapps\a has finished in 118 ms
04 05, 2021 19:59:16 下午 server.catalina.Context <init>
INFO : Deploying web application directory H:\Users\49277\Documents\GitHub\JavaServer-Alpha\webapps\b
04 05, 2021 19:59:16 下午 server.catalina.Context <init>
INFO : Deployment of web application directory H:\Users\49277\Documents\GitHub\JavaServer-Alpha\webapps\b has finished in 0 ms
04 05, 2021 19:59:16 下午 server.catalina.Context <init>
INFO : Deploying web application directory H:\Users\49277\Documents\GitHub\JavaServer-Alpha\webapps\ROOT
04 05, 2021 19:59:16 下午 server.catalina.Context <init>
INFO : Deployment of web application directory H:\Users\49277\Documents\GitHub\JavaServer-Alpha\webapps\ROOT has finished in 0 ms
04 05, 2021 19:59:16 下午 server.catalina.Context <init>
INFO : Deploying web application directory webapps/b
04 05, 2021 19:59:16 下午 server.catalina.Context <init>
INFO : Deployment of web application directory webapps/b has finished in 1 ms
